<?xml version="1.0" encoding="UTF-8"?>
<!-- Generated by org.testng.reporters.JUnitXMLReporter -->
<testsuite hostname="harri1" name="sample test" tests="1" failures="0" timestamp="27 Oct 2015 13:23:39 GMT" time="71.318" errors="0">
  <testcase name="@AfterClass tearDown" time="0.0" classname="com.pack.common.tests.EmployerQuickRegTest">
    <failure type="java.lang.NullPointerException">
      <![CDATA[java.lang.NullPointerException
	at com.pack.base.TestBaseSetup.tearDown(TestBaseSetup.java:78)
... Removed 24 stack frames]]>
    </failure>
  </testcase> <!-- @AfterClass tearDown -->
  <testcase name="TestEmpRegFirstStage" time="0.047" classname="com.pack.common.tests.EmployerQuickRegTest"/>
</testsuite> <!-- sample test -->
