<?xml version="1.0" encoding="UTF-8"?>
<testng-results skipped="0" failed="0" total="1" passed="1">
  <reporter-output>
  </reporter-output>
  <suite name="Page Object test example" duration-ms="103107" started-at="2015-08-05T11:41:33Z" finished-at="2015-08-05T11:43:16Z">
    <groups>
    </groups>
    <test name="sample test" duration-ms="103107" started-at="2015-08-05T11:41:33Z" finished-at="2015-08-05T11:43:16Z">
      <class name="com.pack.common.tests.SignInPageTest">
        <test-method status="PASS" signature="initializeTestBaseSetup(java.lang.String, java.lang.String)[pri:0, instance:com.pack.common.tests.SignInPageTest@5ba23b66]" name="initializeTestBaseSetup" is-config="true" duration-ms="61306" started-at="2015-08-05T13:41:33Z" finished-at="2015-08-05T13:42:34Z">
          <params>
            <param index="0">
              <value>
                <![CDATA[chrome]]>
              </value>
            </param>
            <param index="1">
              <value>
                <![CDATA[http://beta.harri.com/Zan-Resturant-And-Pub/job/502452-karmi/apply/502452]]>
              </value>
            </param>
          </params>
          <reporter-output>
          </reporter-output>
        </test-method> <!-- initializeTestBaseSetup -->
        <test-method status="PASS" signature="setUp()[pri:0, instance:com.pack.common.tests.SignInPageTest@5ba23b66]" name="setUp" is-config="true" duration-ms="2018" started-at="2015-08-05T13:42:34Z" finished-at="2015-08-05T13:42:36Z">
          <reporter-output>
          </reporter-output>
        </test-method> <!-- setUp -->
        <test-method status="PASS" signature="verifySignInFunction()[pri:0, instance:com.pack.common.tests.SignInPageTest@5ba23b66]" name="verifySignInFunction" duration-ms="39650" started-at="2015-08-05T13:42:36Z" finished-at="2015-08-05T13:43:16Z">
          <reporter-output>
          </reporter-output>
        </test-method> <!-- verifySignInFunction -->
        <test-method status="PASS" signature="tearDown()[pri:0, instance:com.pack.common.tests.SignInPageTest@5ba23b66]" name="tearDown" is-config="true" duration-ms="0" started-at="2015-08-05T13:43:16Z" finished-at="2015-08-05T13:43:16Z">
          <reporter-output>
          </reporter-output>
        </test-method> <!-- tearDown -->
      </class> <!-- com.pack.common.tests.SignInPageTest -->
    </test> <!-- sample test -->
  </suite> <!-- Page Object test example -->
</testng-results>
